<?xml version="1.0" encoding="UTF-8" ?>
<testsuite failures="0" time="0.073" errors="0" skipped="0" tests="2" name="org.sonar.plugins.buildstability.BuildTest">
  <properties>
    <property name="java.runtime.name" value="Java(TM) SE Runtime Environment"/>
    <property name="sun.boot.library.path" value="C:\Program Files (x86)\Java\jdk1.6.0_20\jre\bin"/>
    <property name="java.vm.version" value="16.3-b01"/>
    <property name="java.vm.vendor" value="Sun Microsystems Inc."/>
    <property name="java.vendor.url" value="http://java.sun.com/"/>
    <property name="path.separator" value=";"/>
    <property name="java.vm.name" value="Java HotSpot(TM) Client VM"/>
    <property name="file.encoding.pkg" value="sun.io"/>
    <property name="user.country" value="US"/>
    <property name="sun.java.launcher" value="SUN_STANDARD"/>
    <property name="sun.os.patch.level" value=""/>
    <property name="java.vm.specification.name" value="Java Virtual Machine Specification"/>
    <property name="user.dir" value="C:\repos\sonar-build-stability-plugin\api"/>
    <property name="java.runtime.version" value="1.6.0_20-b02"/>
    <property name="java.awt.graphicsenv" value="sun.awt.Win32GraphicsEnvironment"/>
    <property name="basedir" value="C:\repos\sonar-build-stability-plugin\api"/>
    <property name="java.endorsed.dirs" value="C:\Program Files (x86)\Java\jdk1.6.0_20\jre\lib\endorsed"/>
    <property name="os.arch" value="x86"/>
    <property name="surefire.real.class.path" value="C:\Users\CBOYDE~1.CBO\AppData\Local\Temp\surefirebooter4407206905246286630.jar"/>
    <property name="java.io.tmpdir" value="C:\Users\CBOYDE~1.CBO\AppData\Local\Temp\"/>
    <property name="line.separator" value="
"/>
    <property name="java.vm.specification.vendor" value="Sun Microsystems Inc."/>
    <property name="user.variant" value=""/>
    <property name="os.name" value="Windows 7"/>
    <property name="sun.jnu.encoding" value="Cp1252"/>
    <property name="java.library.path" value="C:\Program Files (x86)\Java\jdk1.6.0_20\jre\bin;.;C:\Windows\Sun\Java\bin;C:\Windows\system32;C:\Windows;C:\Program Files (x86)\JetBrains\IntelliJ IDEA Community Edition 11.0\bin\..\.\bin;C:\Program Files\Common Files\Microsoft Shared\Windows Live;C:\Program Files\Ingres\VectorWiseVW\ingres\bin;C:\Program Files\Ingres\VectorWiseVW\ingres\utility;C:\Program Files (x86)\Ingres\DBA Tools\ingres\bin;C:\Program Files (x86)\Ingres\DBA Tools\ingres\utility;C:\oraclexe\app\oracle\product\10.2.0\server\bin;C:\STAF\bin;c:\program files\java\jre6\bin;C:\Windows\system32;C:\Windows;C:\Windows\system32\wbem;C:\Windows\system32\windowspowershell\v1.0\;c:\program files\tortoisesvn\bin;c:\program files (x86)\tortoisehg\;c:\program files\ibm\gsk8\lib64;C:\PROGRA~1\IBM\SQLLIB\BIN;C:\PROGRA~1\IBM\SQLLIB\FUNCTION;C:\PROGRA~1\IBM\SQLLIB\SAMPLES\REPL;C:\Program Files (x86)\Graphviz 2.28\bin;c:\Program Files (x86)\Microsoft SQL Server\100\Tools\Binn\;c:\Program Files\Microsoft SQL Server\100\Tools\Binn\;c:\Program Files\Microsoft SQL Server\100\DTS\Binn\;c:\Program Files (x86)\Microsoft SQL Server\100\Tools\Binn\VSShell\Common7\IDE\;c:\Program Files (x86)\Microsoft SQL Server\100\DTS\Binn\;C:\Program Files\SQL Anywhere 12\bin64;C:\Program Files\SQL Anywhere 12\bin32;C:\Program Files\Perforce;C:\Program Files (x86)\GNU\GnuPG\pub;C:\Program Files\Common Files\Microsoft Shared\Windows Live;C:\Program Files\Java\jdk1.6.0_20\bin;C:\Program Files (x86)\Git;C:\opt\apache-ant-1.8.2\bin;C:\opt\apache-maven-2.2.1\bin;C:\opt\tools;C:\Program Files (x86)\Sikuli X\libs;C:\Program Files (x86)\Java\jre6\\bin;c:\program files (x86)\jetbrains\intellij idea community edition 11.0\jre\jre\bin"/>
    <property name="surefire.test.class.path" value="C:\repos\sonar-build-stability-plugin\api\target\test-classes;C:\repos\sonar-build-stability-plugin\api\target\classes;C:\Users\cboyden.cboyden-PC\.m2\repository\org\codehaus\sonar\sonar-ws-client\2.2\sonar-ws-client-2.2.jar;C:\Users\cboyden.cboyden-PC\.m2\repository\com\googlecode\json-simple\json-simple\1.1\json-simple-1.1.jar;C:\Users\cboyden.cboyden-PC\.m2\repository\commons-httpclient\commons-httpclient\3.1\commons-httpclient-3.1.jar;C:\Users\cboyden.cboyden-PC\.m2\repository\commons-codec\commons-codec\1.2\commons-codec-1.2.jar;C:\Users\cboyden.cboyden-PC\.m2\repository\commons-lang\commons-lang\2.4\commons-lang-2.4.jar;C:\Users\cboyden.cboyden-PC\.m2\repository\org\codehaus\sonar\sonar-testing-harness\2.2\sonar-testing-harness-2.2.jar;C:\Users\cboyden.cboyden-PC\.m2\repository\junit\junit\4.8.1\junit-4.8.1.jar;C:\Users\cboyden.cboyden-PC\.m2\repository\org\mockito\mockito-all\1.8.5\mockito-all-1.8.5.jar;C:\Users\cboyden.cboyden-PC\.m2\repository\org\hamcrest\hamcrest-all\1.1\hamcrest-all-1.1.jar;C:\Users\cboyden.cboyden-PC\.m2\repository\xmlunit\xmlunit\1.2\xmlunit-1.2.jar;C:\Users\cboyden.cboyden-PC\.m2\repository\ch\qos\logback\logback-classic\0.9.15\logback-classic-0.9.15.jar;C:\Users\cboyden.cboyden-PC\.m2\repository\ch\qos\logback\logback-core\0.9.15\logback-core-0.9.15.jar;C:\Users\cboyden.cboyden-PC\.m2\repository\org\slf4j\slf4j-api\1.5.6\slf4j-api-1.5.6.jar;C:\Users\cboyden.cboyden-PC\.m2\repository\org\codehaus\sonar\sonar-plugin-api\2.2\sonar-plugin-api-2.2.jar;C:\Users\cboyden.cboyden-PC\.m2\repository\org\codehaus\sonar\sonar-check-api\2.2\sonar-check-api-2.2.jar;C:\Users\cboyden.cboyden-PC\.m2\repository\org\codehaus\sonar\sonar-colorizer\2.2\sonar-colorizer-2.2.jar;C:\Users\cboyden.cboyden-PC\.m2\repository\commons-io\commons-io\1.4\commons-io-1.4.jar;C:\Users\cboyden.cboyden-PC\.m2\repository\org\codehaus\sonar\sonar-channel\2.2\sonar-channel-2.2.jar;C:\Users\cboyden.cboyden-PC\.m2\repository\org\codehaus\sonar\sonar-duplications\2.2\sonar-duplications-2.2.jar;C:\Users\cboyden.cboyden-PC\.m2\repository\org\codehaus\sonar\sonar-graph\2.2\sonar-graph-2.2.jar;C:\Users\cboyden.cboyden-PC\.m2\repository\com\google\collections\google-collections\1.0\google-collections-1.0.jar;C:\Users\cboyden.cboyden-PC\.m2\repository\org\codehaus\sonar\sonar-squid\2.2\sonar-squid-2.2.jar;C:\Users\cboyden.cboyden-PC\.m2\repository\org\picocontainer\picocontainer\2.10.2\picocontainer-2.10.2.jar;C:\Users\cboyden.cboyden-PC\.m2\repository\javax\annotation\jsr250-api\1.0\jsr250-api-1.0.jar;C:\Users\cboyden.cboyden-PC\.m2\repository\javax\inject\javax.inject\1\javax.inject-1.jar;C:\Users\cboyden.cboyden-PC\.m2\repository\org\hibernate\hibernate-core\3.3.2.GA\hibernate-core-3.3.2.GA.jar;C:\Users\cboyden.cboyden-PC\.m2\repository\antlr\antlr\2.7.6\antlr-2.7.6.jar;C:\Users\cboyden.cboyden-PC\.m2\repository\commons-collections\commons-collections\3.2.1\commons-collections-3.2.1.jar;C:\Users\cboyden.cboyden-PC\.m2\repository\dom4j\dom4j\1.6.1\dom4j-1.6.1.jar;C:\Users\cboyden.cboyden-PC\.m2\repository\xml-apis\xml-apis\1.3.03\xml-apis-1.3.03.jar;C:\Users\cboyden.cboyden-PC\.m2\repository\org\hibernate\hibernate-annotations\3.4.0.GA\hibernate-annotations-3.4.0.GA.jar;C:\Users\cboyden.cboyden-PC\.m2\repository\org\hibernate\ejb3-persistence\1.0.2.GA\ejb3-persistence-1.0.2.GA.jar;C:\Users\cboyden.cboyden-PC\.m2\repository\org\hibernate\hibernate-commons-annotations\3.1.0.GA\hibernate-commons-annotations-3.1.0.GA.jar;C:\Users\cboyden.cboyden-PC\.m2\repository\org\hibernate\hibernate-entitymanager\3.4.0.GA\hibernate-entitymanager-3.4.0.GA.jar;C:\Users\cboyden.cboyden-PC\.m2\repository\javassist\javassist\3.4.GA\javassist-3.4.GA.jar;C:\Users\cboyden.cboyden-PC\.m2\repository\geronimo-spec\geronimo-spec-jta\1.0-M1\geronimo-spec-jta-1.0-M1.jar;C:\Users\cboyden.cboyden-PC\.m2\repository\commons-dbcp\commons-dbcp\1.2.2\commons-dbcp-1.2.2.jar;C:\Users\cboyden.cboyden-PC\.m2\repository\commons-pool\commons-pool\1.3\commons-pool-1.3.jar;C:\Users\cboyden.cboyden-PC\.m2\repository\org\apache\maven\shared\maven-dependency-tree\1.2\maven-dependency-tree-1.2.jar;C:\Users\cboyden.cboyden-PC\.m2\repository\org\apache\maven\maven-project\2.0.8\maven-project-2.0.8.jar;C:\Users\cboyden.cboyden-PC\.m2\repository\org\apache\maven\maven-settings\2.0.8\maven-settings-2.0.8.jar;C:\Users\cboyden.cboyden-PC\.m2\repository\org\apache\maven\maven-model\2.0.8\maven-model-2.0.8.jar;C:\Users\cboyden.cboyden-PC\.m2\repository\org\codehaus\plexus\plexus-utils\1.4.9\plexus-utils-1.4.9.jar;C:\Users\cboyden.cboyden-PC\.m2\repository\org\codehaus\plexus\plexus-container-default\1.0-alpha-9\plexus-container-default-1.0-alpha-9.jar;C:\Users\cboyden.cboyden-PC\.m2\repository\classworlds\classworlds\1.1-alpha-2\classworlds-1.1-alpha-2.jar;C:\Users\cboyden.cboyden-PC\.m2\repository\org\apache\maven\maven-profile\2.0.8\maven-profile-2.0.8.jar;C:\Users\cboyden.cboyden-PC\.m2\repository\org\apache\maven\maven-artifact-manager\2.0.8\maven-artifact-manager-2.0.8.jar;C:\Users\cboyden.cboyden-PC\.m2\repository\org\apache\maven\maven-repository-metadata\2.0.8\maven-repository-metadata-2.0.8.jar;C:\Users\cboyden.cboyden-PC\.m2\repository\org\apache\maven\maven-artifact\2.0.8\maven-artifact-2.0.8.jar;C:\Users\cboyden.cboyden-PC\.m2\repository\org\apache\maven\wagon\wagon-provider-api\1.0-beta-2\wagon-provider-api-1.0-beta-2.jar;C:\Users\cboyden.cboyden-PC\.m2\repository\org\apache\maven\maven-plugin-registry\2.0.8\maven-plugin-registry-2.0.8.jar;C:\Users\cboyden.cboyden-PC\.m2\repository\org\apache\maven\shared\maven-common-artifact-filters\1.2\maven-common-artifact-filters-1.2.jar;C:\Users\cboyden.cboyden-PC\.m2\repository\org\apache\maven\maven-plugin-api\2.0.8\maven-plugin-api-2.0.8.jar;C:\Users\cboyden.cboyden-PC\.m2\repository\org\apache\maven\shared\maven-plugin-testing-harness\1.1\maven-plugin-testing-harness-1.1.jar;C:\Users\cboyden.cboyden-PC\.m2\repository\org\apache\maven\maven-core\2.0\maven-core-2.0.jar;C:\Users\cboyden.cboyden-PC\.m2\repository\org\apache\maven\wagon\wagon-file\1.0-alpha-5\wagon-file-1.0-alpha-5.jar;C:\Users\cboyden.cboyden-PC\.m2\repository\org\apache\maven\maven-plugin-parameter-documenter\2.0\maven-plugin-parameter-documenter-2.0.jar;C:\Users\cboyden.cboyden-PC\.m2\repository\org\apache\maven\wagon\wagon-http-lightweight\1.0-alpha-5\wagon-http-lightweight-1.0-alpha-5.jar;C:\Users\cboyden.cboyden-PC\.m2\repository\org\apache\maven\reporting\maven-reporting-api\2.0\maven-reporting-api-2.0.jar;C:\Users\cboyden.cboyden-PC\.m2\repository\doxia\doxia-sink-api\1.0-alpha-4\doxia-sink-api-1.0-alpha-4.jar;C:\Users\cboyden.cboyden-PC\.m2\repository\org\apache\maven\maven-error-diagnostics\2.0\maven-error-diagnostics-2.0.jar;C:\Users\cboyden.cboyden-PC\.m2\repository\commons-cli\commons-cli\1.0\commons-cli-1.0.jar;C:\Users\cboyden.cboyden-PC\.m2\repository\org\apache\maven\maven-plugin-descriptor\2.0\maven-plugin-descriptor-2.0.jar;C:\Users\cboyden.cboyden-PC\.m2\repository\org\codehaus\plexus\plexus-interactivity-api\1.0-alpha-4\plexus-interactivity-api-1.0-alpha-4.jar;C:\Users\cboyden.cboyden-PC\.m2\repository\org\apache\maven\maven-monitor\2.0\maven-monitor-2.0.jar;C:\Users\cboyden.cboyden-PC\.m2\repository\org\apache\maven\wagon\wagon-ssh\1.0-alpha-5\wagon-ssh-1.0-alpha-5.jar;C:\Users\cboyden.cboyden-PC\.m2\repository\com\jcraft\jsch\0.1.23\jsch-0.1.23.jar;C:\Users\cboyden.cboyden-PC\.m2\repository\org\codehaus\plexus\plexus-archiver\1.0-alpha-7\plexus-archiver-1.0-alpha-7.jar;C:\Users\cboyden.cboyden-PC\.m2\repository\commons-configuration\commons-configuration\1.6\commons-configuration-1.6.jar;C:\Users\cboyden.cboyden-PC\.m2\repository\commons-digester\commons-digester\1.8\commons-digester-1.8.jar;C:\Users\cboyden.cboyden-PC\.m2\repository\commons-beanutils\commons-beanutils\1.7.0\commons-beanutils-1.7.0.jar;C:\Users\cboyden.cboyden-PC\.m2\repository\commons-beanutils\commons-beanutils-core\1.8.0\commons-beanutils-core-1.8.0.jar;C:\Users\cboyden.cboyden-PC\.m2\repository\org\hibernate\hibernate-ehcache\3.3.2.GA\hibernate-ehcache-3.3.2.GA.jar;C:\Users\cboyden.cboyden-PC\.m2\repository\net\sf\ehcache\ehcache\1.2.3\ehcache-1.2.3.jar;C:\Users\cboyden.cboyden-PC\.m2\repository\jfree\jfreechart\1.0.9\jfreechart-1.0.9.jar;C:\Users\cboyden.cboyden-PC\.m2\repository\jfree\jcommon\1.0.12\jcommon-1.0.12.jar;C:\Users\cboyden.cboyden-PC\.m2\repository\org\slf4j\jcl-over-slf4j\1.5.6\jcl-over-slf4j-1.5.6.jar;C:\Users\cboyden.cboyden-PC\.m2\repository\org\slf4j\log4j-over-slf4j\1.5.6\log4j-over-slf4j-1.5.6.jar;C:\Users\cboyden.cboyden-PC\.m2\repository\com\thoughtworks\xstream\xstream\1.3.1\xstream-1.3.1.jar;C:\Users\cboyden.cboyden-PC\.m2\repository\xpp3\xpp3\1.1.3.3\xpp3-1.1.3.3.jar;C:\Users\cboyden.cboyden-PC\.m2\repository\org\codehaus\woodstox\woodstox-core-lgpl\4.0.4\woodstox-core-lgpl-4.0.4.jar;C:\Users\cboyden.cboyden-PC\.m2\repository\stax\stax-api\1.0.1\stax-api-1.0.1.jar;C:\Users\cboyden.cboyden-PC\.m2\repository\org\codehaus\woodstox\stax2-api\3.0.1\stax2-api-3.0.1.jar;C:\Users\cboyden.cboyden-PC\.m2\repository\org\codehaus\staxmate\staxmate\2.0.0\staxmate-2.0.0.jar;C:\Users\cboyden.cboyden-PC\.m2\repository\xerces\xercesImpl\2.8.1\xercesImpl-2.8.1.jar;C:\Users\cboyden.cboyden-PC\.m2\repository\xalan\xalan\2.7.1\xalan-2.7.1.jar;C:\Users\cboyden.cboyden-PC\.m2\repository\xalan\serializer\2.7.1\serializer-2.7.1.jar;C:\Users\cboyden.cboyden-PC\.m2\repository\org\dbunit\dbunit\2.4.5\dbunit-2.4.5.jar;C:\Users\cboyden.cboyden-PC\.m2\repository\hsqldb\hsqldb\1.8.0.10\hsqldb-1.8.0.10.jar;C:\Users\cboyden.cboyden-PC\.m2\repository\org\codehaus\sonar\sonar-plugin-api\2.2\sonar-plugin-api-2.2-tests.jar;"/>
    <property name="java.specification.name" value="Java Platform API Specification"/>
    <property name="java.class.version" value="50.0"/>
    <property name="sun.management.compiler" value="HotSpot Client Compiler"/>
    <property name="os.version" value="6.1"/>
    <property name="user.home" value="C:\Users\cboyden.cboyden-PC"/>
    <property name="user.timezone" value=""/>
    <property name="java.awt.printerjob" value="sun.awt.windows.WPrinterJob"/>
    <property name="java.specification.version" value="1.6"/>
    <property name="file.encoding" value="Cp1252"/>
    <property name="user.name" value="cboyden"/>
    <property name="java.class.path" value="C:\repos\sonar-build-stability-plugin\api\target\test-classes;C:\repos\sonar-build-stability-plugin\api\target\classes;C:\Users\cboyden.cboyden-PC\.m2\repository\org\codehaus\sonar\sonar-ws-client\2.2\sonar-ws-client-2.2.jar;C:\Users\cboyden.cboyden-PC\.m2\repository\com\googlecode\json-simple\json-simple\1.1\json-simple-1.1.jar;C:\Users\cboyden.cboyden-PC\.m2\repository\commons-httpclient\commons-httpclient\3.1\commons-httpclient-3.1.jar;C:\Users\cboyden.cboyden-PC\.m2\repository\commons-codec\commons-codec\1.2\commons-codec-1.2.jar;C:\Users\cboyden.cboyden-PC\.m2\repository\commons-lang\commons-lang\2.4\commons-lang-2.4.jar;C:\Users\cboyden.cboyden-PC\.m2\repository\org\codehaus\sonar\sonar-testing-harness\2.2\sonar-testing-harness-2.2.jar;C:\Users\cboyden.cboyden-PC\.m2\repository\junit\junit\4.8.1\junit-4.8.1.jar;C:\Users\cboyden.cboyden-PC\.m2\repository\org\mockito\mockito-all\1.8.5\mockito-all-1.8.5.jar;C:\Users\cboyden.cboyden-PC\.m2\repository\org\hamcrest\hamcrest-all\1.1\hamcrest-all-1.1.jar;C:\Users\cboyden.cboyden-PC\.m2\repository\xmlunit\xmlunit\1.2\xmlunit-1.2.jar;C:\Users\cboyden.cboyden-PC\.m2\repository\ch\qos\logback\logback-classic\0.9.15\logback-classic-0.9.15.jar;C:\Users\cboyden.cboyden-PC\.m2\repository\ch\qos\logback\logback-core\0.9.15\logback-core-0.9.15.jar;C:\Users\cboyden.cboyden-PC\.m2\repository\org\slf4j\slf4j-api\1.5.6\slf4j-api-1.5.6.jar;C:\Users\cboyden.cboyden-PC\.m2\repository\org\codehaus\sonar\sonar-plugin-api\2.2\sonar-plugin-api-2.2.jar;C:\Users\cboyden.cboyden-PC\.m2\repository\org\codehaus\sonar\sonar-check-api\2.2\sonar-check-api-2.2.jar;C:\Users\cboyden.cboyden-PC\.m2\repository\org\codehaus\sonar\sonar-colorizer\2.2\sonar-colorizer-2.2.jar;C:\Users\cboyden.cboyden-PC\.m2\repository\commons-io\commons-io\1.4\commons-io-1.4.jar;C:\Users\cboyden.cboyden-PC\.m2\repository\org\codehaus\sonar\sonar-channel\2.2\sonar-channel-2.2.jar;C:\Users\cboyden.cboyden-PC\.m2\repository\org\codehaus\sonar\sonar-duplications\2.2\sonar-duplications-2.2.jar;C:\Users\cboyden.cboyden-PC\.m2\repository\org\codehaus\sonar\sonar-graph\2.2\sonar-graph-2.2.jar;C:\Users\cboyden.cboyden-PC\.m2\repository\com\google\collections\google-collections\1.0\google-collections-1.0.jar;C:\Users\cboyden.cboyden-PC\.m2\repository\org\codehaus\sonar\sonar-squid\2.2\sonar-squid-2.2.jar;C:\Users\cboyden.cboyden-PC\.m2\repository\org\picocontainer\picocontainer\2.10.2\picocontainer-2.10.2.jar;C:\Users\cboyden.cboyden-PC\.m2\repository\javax\annotation\jsr250-api\1.0\jsr250-api-1.0.jar;C:\Users\cboyden.cboyden-PC\.m2\repository\javax\inject\javax.inject\1\javax.inject-1.jar;C:\Users\cboyden.cboyden-PC\.m2\repository\org\hibernate\hibernate-core\3.3.2.GA\hibernate-core-3.3.2.GA.jar;C:\Users\cboyden.cboyden-PC\.m2\repository\antlr\antlr\2.7.6\antlr-2.7.6.jar;C:\Users\cboyden.cboyden-PC\.m2\repository\commons-collections\commons-collections\3.2.1\commons-collections-3.2.1.jar;C:\Users\cboyden.cboyden-PC\.m2\repository\dom4j\dom4j\1.6.1\dom4j-1.6.1.jar;C:\Users\cboyden.cboyden-PC\.m2\repository\xml-apis\xml-apis\1.3.03\xml-apis-1.3.03.jar;C:\Users\cboyden.cboyden-PC\.m2\repository\org\hibernate\hibernate-annotations\3.4.0.GA\hibernate-annotations-3.4.0.GA.jar;C:\Users\cboyden.cboyden-PC\.m2\repository\org\hibernate\ejb3-persistence\1.0.2.GA\ejb3-persistence-1.0.2.GA.jar;C:\Users\cboyden.cboyden-PC\.m2\repository\org\hibernate\hibernate-commons-annotations\3.1.0.GA\hibernate-commons-annotations-3.1.0.GA.jar;C:\Users\cboyden.cboyden-PC\.m2\repository\org\hibernate\hibernate-entitymanager\3.4.0.GA\hibernate-entitymanager-3.4.0.GA.jar;C:\Users\cboyden.cboyden-PC\.m2\repository\javassist\javassist\3.4.GA\javassist-3.4.GA.jar;C:\Users\cboyden.cboyden-PC\.m2\repository\geronimo-spec\geronimo-spec-jta\1.0-M1\geronimo-spec-jta-1.0-M1.jar;C:\Users\cboyden.cboyden-PC\.m2\repository\commons-dbcp\commons-dbcp\1.2.2\commons-dbcp-1.2.2.jar;C:\Users\cboyden.cboyden-PC\.m2\repository\commons-pool\commons-pool\1.3\commons-pool-1.3.jar;C:\Users\cboyden.cboyden-PC\.m2\repository\org\apache\maven\shared\maven-dependency-tree\1.2\maven-dependency-tree-1.2.jar;C:\Users\cboyden.cboyden-PC\.m2\repository\org\apache\maven\maven-project\2.0.8\maven-project-2.0.8.jar;C:\Users\cboyden.cboyden-PC\.m2\repository\org\apache\maven\maven-settings\2.0.8\maven-settings-2.0.8.jar;C:\Users\cboyden.cboyden-PC\.m2\repository\org\apache\maven\maven-model\2.0.8\maven-model-2.0.8.jar;C:\Users\cboyden.cboyden-PC\.m2\repository\org\codehaus\plexus\plexus-utils\1.4.9\plexus-utils-1.4.9.jar;C:\Users\cboyden.cboyden-PC\.m2\repository\org\codehaus\plexus\plexus-container-default\1.0-alpha-9\plexus-container-default-1.0-alpha-9.jar;C:\Users\cboyden.cboyden-PC\.m2\repository\classworlds\classworlds\1.1-alpha-2\classworlds-1.1-alpha-2.jar;C:\Users\cboyden.cboyden-PC\.m2\repository\org\apache\maven\maven-profile\2.0.8\maven-profile-2.0.8.jar;C:\Users\cboyden.cboyden-PC\.m2\repository\org\apache\maven\maven-artifact-manager\2.0.8\maven-artifact-manager-2.0.8.jar;C:\Users\cboyden.cboyden-PC\.m2\repository\org\apache\maven\maven-repository-metadata\2.0.8\maven-repository-metadata-2.0.8.jar;C:\Users\cboyden.cboyden-PC\.m2\repository\org\apache\maven\maven-artifact\2.0.8\maven-artifact-2.0.8.jar;C:\Users\cboyden.cboyden-PC\.m2\repository\org\apache\maven\wagon\wagon-provider-api\1.0-beta-2\wagon-provider-api-1.0-beta-2.jar;C:\Users\cboyden.cboyden-PC\.m2\repository\org\apache\maven\maven-plugin-registry\2.0.8\maven-plugin-registry-2.0.8.jar;C:\Users\cboyden.cboyden-PC\.m2\repository\org\apache\maven\shared\maven-common-artifact-filters\1.2\maven-common-artifact-filters-1.2.jar;C:\Users\cboyden.cboyden-PC\.m2\repository\org\apache\maven\maven-plugin-api\2.0.8\maven-plugin-api-2.0.8.jar;C:\Users\cboyden.cboyden-PC\.m2\repository\org\apache\maven\shared\maven-plugin-testing-harness\1.1\maven-plugin-testing-harness-1.1.jar;C:\Users\cboyden.cboyden-PC\.m2\repository\org\apache\maven\maven-core\2.0\maven-core-2.0.jar;C:\Users\cboyden.cboyden-PC\.m2\repository\org\apache\maven\wagon\wagon-file\1.0-alpha-5\wagon-file-1.0-alpha-5.jar;C:\Users\cboyden.cboyden-PC\.m2\repository\org\apache\maven\maven-plugin-parameter-documenter\2.0\maven-plugin-parameter-documenter-2.0.jar;C:\Users\cboyden.cboyden-PC\.m2\repository\org\apache\maven\wagon\wagon-http-lightweight\1.0-alpha-5\wagon-http-lightweight-1.0-alpha-5.jar;C:\Users\cboyden.cboyden-PC\.m2\repository\org\apache\maven\reporting\maven-reporting-api\2.0\maven-reporting-api-2.0.jar;C:\Users\cboyden.cboyden-PC\.m2\repository\doxia\doxia-sink-api\1.0-alpha-4\doxia-sink-api-1.0-alpha-4.jar;C:\Users\cboyden.cboyden-PC\.m2\repository\org\apache\maven\maven-error-diagnostics\2.0\maven-error-diagnostics-2.0.jar;C:\Users\cboyden.cboyden-PC\.m2\repository\commons-cli\commons-cli\1.0\commons-cli-1.0.jar;C:\Users\cboyden.cboyden-PC\.m2\repository\org\apache\maven\maven-plugin-descriptor\2.0\maven-plugin-descriptor-2.0.jar;C:\Users\cboyden.cboyden-PC\.m2\repository\org\codehaus\plexus\plexus-interactivity-api\1.0-alpha-4\plexus-interactivity-api-1.0-alpha-4.jar;C:\Users\cboyden.cboyden-PC\.m2\repository\org\apache\maven\maven-monitor\2.0\maven-monitor-2.0.jar;C:\Users\cboyden.cboyden-PC\.m2\repository\org\apache\maven\wagon\wagon-ssh\1.0-alpha-5\wagon-ssh-1.0-alpha-5.jar;C:\Users\cboyden.cboyden-PC\.m2\repository\com\jcraft\jsch\0.1.23\jsch-0.1.23.jar;C:\Users\cboyden.cboyden-PC\.m2\repository\org\codehaus\plexus\plexus-archiver\1.0-alpha-7\plexus-archiver-1.0-alpha-7.jar;C:\Users\cboyden.cboyden-PC\.m2\repository\commons-configuration\commons-configuration\1.6\commons-configuration-1.6.jar;C:\Users\cboyden.cboyden-PC\.m2\repository\commons-digester\commons-digester\1.8\commons-digester-1.8.jar;C:\Users\cboyden.cboyden-PC\.m2\repository\commons-beanutils\commons-beanutils\1.7.0\commons-beanutils-1.7.0.jar;C:\Users\cboyden.cboyden-PC\.m2\repository\commons-beanutils\commons-beanutils-core\1.8.0\commons-beanutils-core-1.8.0.jar;C:\Users\cboyden.cboyden-PC\.m2\repository\org\hibernate\hibernate-ehcache\3.3.2.GA\hibernate-ehcache-3.3.2.GA.jar;C:\Users\cboyden.cboyden-PC\.m2\repository\net\sf\ehcache\ehcache\1.2.3\ehcache-1.2.3.jar;C:\Users\cboyden.cboyden-PC\.m2\repository\jfree\jfreechart\1.0.9\jfreechart-1.0.9.jar;C:\Users\cboyden.cboyden-PC\.m2\repository\jfree\jcommon\1.0.12\jcommon-1.0.12.jar;C:\Users\cboyden.cboyden-PC\.m2\repository\org\slf4j\jcl-over-slf4j\1.5.6\jcl-over-slf4j-1.5.6.jar;C:\Users\cboyden.cboyden-PC\.m2\repository\org\slf4j\log4j-over-slf4j\1.5.6\log4j-over-slf4j-1.5.6.jar;C:\Users\cboyden.cboyden-PC\.m2\repository\com\thoughtworks\xstream\xstream\1.3.1\xstream-1.3.1.jar;C:\Users\cboyden.cboyden-PC\.m2\repository\xpp3\xpp3\1.1.3.3\xpp3-1.1.3.3.jar;C:\Users\cboyden.cboyden-PC\.m2\repository\org\codehaus\woodstox\woodstox-core-lgpl\4.0.4\woodstox-core-lgpl-4.0.4.jar;C:\Users\cboyden.cboyden-PC\.m2\repository\stax\stax-api\1.0.1\stax-api-1.0.1.jar;C:\Users\cboyden.cboyden-PC\.m2\repository\org\codehaus\woodstox\stax2-api\3.0.1\stax2-api-3.0.1.jar;C:\Users\cboyden.cboyden-PC\.m2\repository\org\codehaus\staxmate\staxmate\2.0.0\staxmate-2.0.0.jar;C:\Users\cboyden.cboyden-PC\.m2\repository\xerces\xercesImpl\2.8.1\xercesImpl-2.8.1.jar;C:\Users\cboyden.cboyden-PC\.m2\repository\xalan\xalan\2.7.1\xalan-2.7.1.jar;C:\Users\cboyden.cboyden-PC\.m2\repository\xalan\serializer\2.7.1\serializer-2.7.1.jar;C:\Users\cboyden.cboyden-PC\.m2\repository\org\dbunit\dbunit\2.4.5\dbunit-2.4.5.jar;C:\Users\cboyden.cboyden-PC\.m2\repository\hsqldb\hsqldb\1.8.0.10\hsqldb-1.8.0.10.jar;C:\Users\cboyden.cboyden-PC\.m2\repository\org\codehaus\sonar\sonar-plugin-api\2.2\sonar-plugin-api-2.2-tests.jar;"/>
    <property name="java.vm.specification.version" value="1.0"/>
    <property name="sun.arch.data.model" value="32"/>
    <property name="java.home" value="C:\Program Files (x86)\Java\jdk1.6.0_20\jre"/>
    <property name="java.specification.vendor" value="Sun Microsystems Inc."/>
    <property name="user.language" value="en"/>
    <property name="awt.toolkit" value="sun.awt.windows.WToolkit"/>
    <property name="java.vm.info" value="mixed mode, sharing"/>
    <property name="java.version" value="1.6.0_20"/>
    <property name="java.ext.dirs" value="C:\Program Files (x86)\Java\jdk1.6.0_20\jre\lib\ext;C:\Windows\Sun\Java\lib\ext"/>
    <property name="sun.boot.class.path" value="C:\Program Files (x86)\Java\jdk1.6.0_20\jre\lib\resources.jar;C:\Program Files (x86)\Java\jdk1.6.0_20\jre\lib\rt.jar;C:\Program Files (x86)\Java\jdk1.6.0_20\jre\lib\sunrsasign.jar;C:\Program Files (x86)\Java\jdk1.6.0_20\jre\lib\jsse.jar;C:\Program Files (x86)\Java\jdk1.6.0_20\jre\lib\jce.jar;C:\Program Files (x86)\Java\jdk1.6.0_20\jre\lib\charsets.jar;C:\Program Files (x86)\Java\jdk1.6.0_20\jre\classes"/>
    <property name="java.vendor" value="Sun Microsystems Inc."/>
    <property name="localRepository" value="C:\Users\cboyden.cboyden-PC\.m2\repository"/>
    <property name="file.separator" value="\"/>
    <property name="java.vendor.url.bug" value="http://java.sun.com/cgi-bin/bugreport.cgi"/>
    <property name="sun.cpu.endian" value="little"/>
    <property name="sun.io.unicode.encoding" value="UnicodeLittle"/>
    <property name="sun.desktop" value="windows"/>
    <property name="sun.cpu.isalist" value="pentium_pro+mmx pentium_pro pentium+mmx pentium i486 i386 i86"/>
  </properties>
  <testcase time="0.014" classname="org.sonar.plugins.buildstability.BuildTest" name="testParse"/>
  <testcase time="0" classname="org.sonar.plugins.buildstability.BuildTest" name="testIncorrect"/>
</testsuite>